<?xml version="1.0" encoding="UTF-8"?>
<!-- Generated by org.testng.reporters.JUnitReportReporter -->
<testsuite hostname="DESKTOP-CG9G5TL" name="rest.assured.practice.Basics" tests="1" failures="0" timestamp="1 Oct 2019 06:02:50 GMT" time="5.449" errors="0">
  <testcase name="testGetValaidation" time="5.449" classname="rest.assured.practice.Basics"/>
</testsuite> <!-- rest.assured.practice.Basics -->
